<?xml version="1.0" encoding="UTF-8"?>
<testsuite xmlns:xsi="http://www.w3.org/2001/XMLSchema-instance" xsi:noNamespaceSchemaLocation="https://maven.apache.org/surefire/maven-surefire-plugin/xsd/surefire-test-report.xsd" name="com.example.user.UserServiceApplicationTests" time="10.779" tests="1" errors="0" skipped="0" failures="0">
  <properties>
    <property name="sun.desktop" value="windows"/>
    <property name="awt.toolkit" value="sun.awt.windows.WToolkit"/>
    <property name="java.specification.version" value="11"/>
    <property name="sun.cpu.isalist" value="amd64"/>
    <property name="sun.jnu.encoding" value="Cp1252"/>
    <property name="java.class.path" value="C:\developments\user-service\target\test-classes;C:\developments\user-service\target\classes;C:\Users\neeraj.sood\.m2\repository\org\springframework\boot\spring-boot-starter-data-jpa\2.5.0-SNAPSHOT\spring-boot-starter-data-jpa-2.5.0-SNAPSHOT.jar;C:\Users\neeraj.sood\.m2\repository\org\springframework\boot\spring-boot-starter-aop\2.5.0-SNAPSHOT\spring-boot-starter-aop-2.5.0-SNAPSHOT.jar;C:\Users\neeraj.sood\.m2\repository\org\springframework\spring-aop\5.3.7\spring-aop-5.3.7.jar;C:\Users\neeraj.sood\.m2\repository\org\aspectj\aspectjweaver\1.9.6\aspectjweaver-1.9.6.jar;C:\Users\neeraj.sood\.m2\repository\org\springframework\boot\spring-boot-starter-jdbc\2.5.0-SNAPSHOT\spring-boot-starter-jdbc-2.5.0-SNAPSHOT.jar;C:\Users\neeraj.sood\.m2\repository\com\zaxxer\HikariCP\4.0.3\HikariCP-4.0.3.jar;C:\Users\neeraj.sood\.m2\repository\org\springframework\spring-jdbc\5.3.7\spring-jdbc-5.3.7.jar;C:\Users\neeraj.sood\.m2\repository\jakarta\transaction\jakarta.transaction-api\1.3.3\jakarta.transaction-api-1.3.3.jar;C:\Users\neeraj.sood\.m2\repository\jakarta\persistence\jakarta.persistence-api\2.2.3\jakarta.persistence-api-2.2.3.jar;C:\Users\neeraj.sood\.m2\repository\org\hibernate\hibernate-core\5.4.30.Final\hibernate-core-5.4.30.Final.jar;C:\Users\neeraj.sood\.m2\repository\org\jboss\logging\jboss-logging\3.4.1.Final\jboss-logging-3.4.1.Final.jar;C:\Users\neeraj.sood\.m2\repository\org\javassist\javassist\3.27.0-GA\javassist-3.27.0-GA.jar;C:\Users\neeraj.sood\.m2\repository\net\bytebuddy\byte-buddy\1.10.22\byte-buddy-1.10.22.jar;C:\Users\neeraj.sood\.m2\repository\antlr\antlr\2.7.7\antlr-2.7.7.jar;C:\Users\neeraj.sood\.m2\repository\org\jboss\jandex\2.2.3.Final\jandex-2.2.3.Final.jar;C:\Users\neeraj.sood\.m2\repository\com\fasterxml\classmate\1.5.1\classmate-1.5.1.jar;C:\Users\neeraj.sood\.m2\repository\org\dom4j\dom4j\2.1.3\dom4j-2.1.3.jar;C:\Users\neeraj.sood\.m2\repository\org\hibernate\common\hibernate-commons-annotations\5.1.2.Final\hibernate-commons-annotations-5.1.2.Final.jar;C:\Users\neeraj.sood\.m2\repository\org\glassfish\jaxb\jaxb-runtime\2.3.3\jaxb-runtime-2.3.3.jar;C:\Users\neeraj.sood\.m2\repository\org\glassfish\jaxb\txw2\2.3.3\txw2-2.3.3.jar;C:\Users\neeraj.sood\.m2\repository\com\sun\istack\istack-commons-runtime\3.0.11\istack-commons-runtime-3.0.11.jar;C:\Users\neeraj.sood\.m2\repository\com\sun\activation\jakarta.activation\1.2.2\jakarta.activation-1.2.2.jar;C:\Users\neeraj.sood\.m2\repository\org\springframework\data\spring-data-jpa\2.5.1\spring-data-jpa-2.5.1.jar;C:\Users\neeraj.sood\.m2\repository\org\springframework\data\spring-data-commons\2.5.1\spring-data-commons-2.5.1.jar;C:\Users\neeraj.sood\.m2\repository\org\springframework\spring-orm\5.3.7\spring-orm-5.3.7.jar;C:\Users\neeraj.sood\.m2\repository\org\springframework\spring-context\5.3.7\spring-context-5.3.7.jar;C:\Users\neeraj.sood\.m2\repository\org\springframework\spring-tx\5.3.7\spring-tx-5.3.7.jar;C:\Users\neeraj.sood\.m2\repository\org\springframework\spring-beans\5.3.7\spring-beans-5.3.7.jar;C:\Users\neeraj.sood\.m2\repository\org\slf4j\slf4j-api\1.7.30\slf4j-api-1.7.30.jar;C:\Users\neeraj.sood\.m2\repository\org\springframework\spring-aspects\5.3.7\spring-aspects-5.3.7.jar;C:\Users\neeraj.sood\.m2\repository\org\springframework\boot\spring-boot-starter-web\2.5.0-SNAPSHOT\spring-boot-starter-web-2.5.0-SNAPSHOT.jar;C:\Users\neeraj.sood\.m2\repository\org\springframework\boot\spring-boot-starter\2.5.0-SNAPSHOT\spring-boot-starter-2.5.0-SNAPSHOT.jar;C:\Users\neeraj.sood\.m2\repository\org\springframework\boot\spring-boot\2.5.0-SNAPSHOT\spring-boot-2.5.0-SNAPSHOT.jar;C:\Users\neeraj.sood\.m2\repository\org\springframework\boot\spring-boot-autoconfigure\2.5.0-SNAPSHOT\spring-boot-autoconfigure-2.5.0-SNAPSHOT.jar;C:\Users\neeraj.sood\.m2\repository\org\springframework\boot\spring-boot-starter-logging\2.5.0-SNAPSHOT\spring-boot-starter-logging-2.5.0-SNAPSHOT.jar;C:\Users\neeraj.sood\.m2\repository\ch\qos\logback\logback-classic\1.2.3\logback-classic-1.2.3.jar;C:\Users\neeraj.sood\.m2\repository\ch\qos\logback\logback-core\1.2.3\logback-core-1.2.3.jar;C:\Users\neeraj.sood\.m2\repository\org\apache\logging\log4j\log4j-to-slf4j\2.14.1\log4j-to-slf4j-2.14.1.jar;C:\Users\neeraj.sood\.m2\repository\org\apache\logging\log4j\log4j-api\2.14.1\log4j-api-2.14.1.jar;C:\Users\neeraj.sood\.m2\repository\org\slf4j\jul-to-slf4j\1.7.30\jul-to-slf4j-1.7.30.jar;C:\Users\neeraj.sood\.m2\repository\jakarta\annotation\jakarta.annotation-api\1.3.5\jakarta.annotation-api-1.3.5.jar;C:\Users\neeraj.sood\.m2\repository\org\yaml\snakeyaml\1.28\snakeyaml-1.28.jar;C:\Users\neeraj.sood\.m2\repository\org\springframework\boot\spring-boot-starter-json\2.5.0-SNAPSHOT\spring-boot-starter-json-2.5.0-SNAPSHOT.jar;C:\Users\neeraj.sood\.m2\repository\com\fasterxml\jackson\core\jackson-databind\2.12.3\jackson-databind-2.12.3.jar;C:\Users\neeraj.sood\.m2\repository\com\fasterxml\jackson\core\jackson-annotations\2.12.3\jackson-annotations-2.12.3.jar;C:\Users\neeraj.sood\.m2\repository\com\fasterxml\jackson\core\jackson-core\2.12.3\jackson-core-2.12.3.jar;C:\Users\neeraj.sood\.m2\repository\com\fasterxml\jackson\datatype\jackson-datatype-jdk8\2.12.3\jackson-datatype-jdk8-2.12.3.jar;C:\Users\neeraj.sood\.m2\repository\com\fasterxml\jackson\datatype\jackson-datatype-jsr310\2.12.3\jackson-datatype-jsr310-2.12.3.jar;C:\Users\neeraj.sood\.m2\repository\com\fasterxml\jackson\module\jackson-module-parameter-names\2.12.3\jackson-module-parameter-names-2.12.3.jar;C:\Users\neeraj.sood\.m2\repository\org\springframework\boot\spring-boot-starter-tomcat\2.5.0-SNAPSHOT\spring-boot-starter-tomcat-2.5.0-SNAPSHOT.jar;C:\Users\neeraj.sood\.m2\repository\org\apache\tomcat\embed\tomcat-embed-core\9.0.45\tomcat-embed-core-9.0.45.jar;C:\Users\neeraj.sood\.m2\repository\org\apache\tomcat\embed\tomcat-embed-el\9.0.45\tomcat-embed-el-9.0.45.jar;C:\Users\neeraj.sood\.m2\repository\org\apache\tomcat\embed\tomcat-embed-websocket\9.0.45\tomcat-embed-websocket-9.0.45.jar;C:\Users\neeraj.sood\.m2\repository\org\springframework\spring-web\5.3.7\spring-web-5.3.7.jar;C:\Users\neeraj.sood\.m2\repository\org\springframework\spring-webmvc\5.3.7\spring-webmvc-5.3.7.jar;C:\Users\neeraj.sood\.m2\repository\org\springframework\spring-expression\5.3.7\spring-expression-5.3.7.jar;C:\Users\neeraj.sood\.m2\repository\com\h2database\h2\1.4.200\h2-1.4.200.jar;C:\Users\neeraj.sood\.m2\repository\org\projectlombok\lombok\1.18.20\lombok-1.18.20.jar;C:\Users\neeraj.sood\.m2\repository\org\springframework\boot\spring-boot-starter-test\2.5.0-SNAPSHOT\spring-boot-starter-test-2.5.0-SNAPSHOT.jar;C:\Users\neeraj.sood\.m2\repository\org\springframework\boot\spring-boot-test\2.5.0-SNAPSHOT\spring-boot-test-2.5.0-SNAPSHOT.jar;C:\Users\neeraj.sood\.m2\repository\org\springframework\boot\spring-boot-test-autoconfigure\2.5.0-SNAPSHOT\spring-boot-test-autoconfigure-2.5.0-SNAPSHOT.jar;C:\Users\neeraj.sood\.m2\repository\com\jayway\jsonpath\json-path\2.5.0\json-path-2.5.0.jar;C:\Users\neeraj.sood\.m2\repository\net\minidev\json-smart\2.4.2\json-smart-2.4.2.jar;C:\Users\neeraj.sood\.m2\repository\net\minidev\accessors-smart\2.4.2\accessors-smart-2.4.2.jar;C:\Users\neeraj.sood\.m2\repository\org\ow2\asm\asm\8.0.1\asm-8.0.1.jar;C:\Users\neeraj.sood\.m2\repository\jakarta\xml\bind\jakarta.xml.bind-api\2.3.3\jakarta.xml.bind-api-2.3.3.jar;C:\Users\neeraj.sood\.m2\repository\jakarta\activation\jakarta.activation-api\1.2.2\jakarta.activation-api-1.2.2.jar;C:\Users\neeraj.sood\.m2\repository\org\assertj\assertj-core\3.19.0\assertj-core-3.19.0.jar;C:\Users\neeraj.sood\.m2\repository\org\hamcrest\hamcrest\2.2\hamcrest-2.2.jar;C:\Users\neeraj.sood\.m2\repository\org\junit\jupiter\junit-jupiter\5.7.1\junit-jupiter-5.7.1.jar;C:\Users\neeraj.sood\.m2\repository\org\junit\jupiter\junit-jupiter-api\5.7.1\junit-jupiter-api-5.7.1.jar;C:\Users\neeraj.sood\.m2\repository\org\apiguardian\apiguardian-api\1.1.0\apiguardian-api-1.1.0.jar;C:\Users\neeraj.sood\.m2\repository\org\opentest4j\opentest4j\1.2.0\opentest4j-1.2.0.jar;C:\Users\neeraj.sood\.m2\repository\org\junit\platform\junit-platform-commons\1.7.1\junit-platform-commons-1.7.1.jar;C:\Users\neeraj.sood\.m2\repository\org\junit\jupiter\junit-jupiter-params\5.7.1\junit-jupiter-params-5.7.1.jar;C:\Users\neeraj.sood\.m2\repository\org\junit\jupiter\junit-jupiter-engine\5.7.1\junit-jupiter-engine-5.7.1.jar;C:\Users\neeraj.sood\.m2\repository\org\junit\platform\junit-platform-engine\1.7.1\junit-platform-engine-1.7.1.jar;C:\Users\neeraj.sood\.m2\repository\org\mockito\mockito-core\3.9.0\mockito-core-3.9.0.jar;C:\Users\neeraj.sood\.m2\repository\net\bytebuddy\byte-buddy-agent\1.10.22\byte-buddy-agent-1.10.22.jar;C:\Users\neeraj.sood\.m2\repository\org\objenesis\objenesis\3.2\objenesis-3.2.jar;C:\Users\neeraj.sood\.m2\repository\org\mockito\mockito-junit-jupiter\3.9.0\mockito-junit-jupiter-3.9.0.jar;C:\Users\neeraj.sood\.m2\repository\org\skyscreamer\jsonassert\1.5.0\jsonassert-1.5.0.jar;C:\Users\neeraj.sood\.m2\repository\com\vaadin\external\google\android-json\0.0.20131108.vaadin1\android-json-0.0.20131108.vaadin1.jar;C:\Users\neeraj.sood\.m2\repository\org\springframework\spring-core\5.3.7\spring-core-5.3.7.jar;C:\Users\neeraj.sood\.m2\repository\org\springframework\spring-jcl\5.3.7\spring-jcl-5.3.7.jar;C:\Users\neeraj.sood\.m2\repository\org\springframework\spring-test\5.3.7\spring-test-5.3.7.jar;C:\Users\neeraj.sood\.m2\repository\org\xmlunit\xmlunit-core\2.8.2\xmlunit-core-2.8.2.jar;C:\Users\neeraj.sood\.m2\repository\com\spotify\dockerfile-maven-plugin\1.2.2\dockerfile-maven-plugin-1.2.2.jar;C:\Users\neeraj.sood\.m2\repository\com\spotify\docker-client\4.0.8\docker-client-4.0.8-shaded.jar;C:\Users\neeraj.sood\.m2\repository\com\fasterxml\jackson\jaxrs\jackson-jaxrs-json-provider\2.12.3\jackson-jaxrs-json-provider-2.12.3.jar;C:\Users\neeraj.sood\.m2\repository\com\fasterxml\jackson\jaxrs\jackson-jaxrs-base\2.12.3\jackson-jaxrs-base-2.12.3.jar;C:\Users\neeraj.sood\.m2\repository\com\fasterxml\jackson\module\jackson-module-jaxb-annotations\2.12.3\jackson-module-jaxb-annotations-2.12.3.jar;C:\Users\neeraj.sood\.m2\repository\com\fasterxml\jackson\datatype\jackson-datatype-guava\2.12.3\jackson-datatype-guava-2.12.3.jar;C:\Users\neeraj.sood\.m2\repository\org\glassfish\jersey\core\jersey-client\2.33\jersey-client-2.33.jar;C:\Users\neeraj.sood\.m2\repository\jakarta\ws\rs\jakarta.ws.rs-api\2.1.6\jakarta.ws.rs-api-2.1.6.jar;C:\Users\neeraj.sood\.m2\repository\org\glassfish\jersey\core\jersey-common\2.33\jersey-common-2.33.jar;C:\Users\neeraj.sood\.m2\repository\org\glassfish\hk2\osgi-resource-locator\1.0.3\osgi-resource-locator-1.0.3.jar;C:\Users\neeraj.sood\.m2\repository\org\glassfish\hk2\external\jakarta.inject\2.6.1\jakarta.inject-2.6.1.jar;C:\Users\neeraj.sood\.m2\repository\org\glassfish\jersey\connectors\jersey-apache-connector\2.33\jersey-apache-connector-2.33.jar;C:\Users\neeraj.sood\.m2\repository\org\glassfish\jersey\media\jersey-media-json-jackson\2.33\jersey-media-json-jackson-2.33.jar;C:\Users\neeraj.sood\.m2\repository\org\glassfish\jersey\ext\jersey-entity-filtering\2.33\jersey-entity-filtering-2.33.jar;C:\Users\neeraj.sood\.m2\repository\org\apache\commons\commons-compress\1.9\commons-compress-1.9.jar;C:\Users\neeraj.sood\.m2\repository\org\apache\httpcomponents\httpclient\4.5.13\httpclient-4.5.13.jar;C:\Users\neeraj.sood\.m2\repository\org\apache\httpcomponents\httpcore\4.4.14\httpcore-4.4.14.jar;C:\Users\neeraj.sood\.m2\repository\commons-codec\commons-codec\1.15\commons-codec-1.15.jar;C:\Users\neeraj.sood\.m2\repository\com\github\jnr\jnr-unixsocket\0.8\jnr-unixsocket-0.8.jar;C:\Users\neeraj.sood\.m2\repository\com\github\jnr\jnr-ffi\2.0.3\jnr-ffi-2.0.3.jar;C:\Users\neeraj.sood\.m2\repository\com\github\jnr\jffi\1.2.9\jffi-1.2.9.jar;C:\Users\neeraj.sood\.m2\repository\com\github\jnr\jffi\1.2.9\jffi-1.2.9-native.jar;C:\Users\neeraj.sood\.m2\repository\org\ow2\asm\asm-commons\5.0.3\asm-commons-5.0.3.jar;C:\Users\neeraj.sood\.m2\repository\org\ow2\asm\asm-analysis\5.0.3\asm-analysis-5.0.3.jar;C:\Users\neeraj.sood\.m2\repository\org\ow2\asm\asm-tree\5.0.3\asm-tree-5.0.3.jar;C:\Users\neeraj.sood\.m2\repository\org\ow2\asm\asm-util\5.0.3\asm-util-5.0.3.jar;C:\Users\neeraj.sood\.m2\repository\com\github\jnr\jnr-x86asm\1.0.2\jnr-x86asm-1.0.2.jar;C:\Users\neeraj.sood\.m2\repository\com\github\jnr\jnr-constants\0.8.7\jnr-constants-0.8.7.jar;C:\Users\neeraj.sood\.m2\repository\com\github\jnr\jnr-enxio\0.9\jnr-enxio-0.9.jar;C:\Users\neeraj.sood\.m2\repository\com\github\jnr\jnr-posix\3.0.12\jnr-posix-3.0.12.jar;C:\Users\neeraj.sood\.m2\repository\commons-lang\commons-lang\2.6\commons-lang-2.6.jar;C:\Users\neeraj.sood\.m2\repository\org\bouncycastle\bcpkix-jdk15on\1.52\bcpkix-jdk15on-1.52.jar;C:\Users\neeraj.sood\.m2\repository\org\bouncycastle\bcprov-jdk15on\1.52\bcprov-jdk15on-1.52.jar;C:\Users\neeraj.sood\.m2\repository\com\google\guava\guava\29.0-jre\guava-29.0-jre.jar;C:\Users\neeraj.sood\.m2\repository\com\google\guava\failureaccess\1.0.1\failureaccess-1.0.1.jar;C:\Users\neeraj.sood\.m2\repository\com\google\guava\listenablefuture\9999.0-empty-to-avoid-conflict-with-guava\listenablefuture-9999.0-empty-to-avoid-conflict-with-guava.jar;C:\Users\neeraj.sood\.m2\repository\com\google\code\findbugs\jsr305\3.0.2\jsr305-3.0.2.jar;C:\Users\neeraj.sood\.m2\repository\org\checkerframework\checker-qual\2.11.1\checker-qual-2.11.1.jar;C:\Users\neeraj.sood\.m2\repository\com\google\errorprone\error_prone_annotations\2.3.4\error_prone_annotations-2.3.4.jar;C:\Users\neeraj.sood\.m2\repository\com\google\j2objc\j2objc-annotations\1.3\j2objc-annotations-1.3.jar;C:\Users\neeraj.sood\.m2\repository\com\spotify\dockerfile-maven-extension\1.2.2\dockerfile-maven-extension-1.2.2.jar;C:\Users\neeraj.sood\.m2\repository\org\apache\maven\maven-plugin-api\3.3.9\maven-plugin-api-3.3.9.jar;C:\Users\neeraj.sood\.m2\repository\org\apache\maven\maven-model\3.3.9\maven-model-3.3.9.jar;C:\Users\neeraj.sood\.m2\repository\org\apache\maven\maven-artifact\3.3.9\maven-artifact-3.3.9.jar;C:\Users\neeraj.sood\.m2\repository\org\eclipse\sisu\org.eclipse.sisu.plexus\0.3.2\org.eclipse.sisu.plexus-0.3.2.jar;C:\Users\neeraj.sood\.m2\repository\javax\enterprise\cdi-api\1.0\cdi-api-1.0.jar;C:\Users\neeraj.sood\.m2\repository\javax\annotation\jsr250-api\1.0\jsr250-api-1.0.jar;C:\Users\neeraj.sood\.m2\repository\org\eclipse\sisu\org.eclipse.sisu.inject\0.3.2\org.eclipse.sisu.inject-0.3.2.jar;C:\Users\neeraj.sood\.m2\repository\org\apache\maven\maven-core\3.3.9\maven-core-3.3.9.jar;C:\Users\neeraj.sood\.m2\repository\org\apache\maven\maven-settings\3.3.9\maven-settings-3.3.9.jar;C:\Users\neeraj.sood\.m2\repository\org\apache\maven\maven-settings-builder\3.3.9\maven-settings-builder-3.3.9.jar;C:\Users\neeraj.sood\.m2\repository\org\apache\maven\maven-builder-support\3.3.9\maven-builder-support-3.3.9.jar;C:\Users\neeraj.sood\.m2\repository\org\apache\maven\maven-repository-metadata\3.3.9\maven-repository-metadata-3.3.9.jar;C:\Users\neeraj.sood\.m2\repository\org\apache\maven\maven-model-builder\3.3.9\maven-model-builder-3.3.9.jar;C:\Users\neeraj.sood\.m2\repository\org\apache\maven\maven-aether-provider\3.3.9\maven-aether-provider-3.3.9.jar;C:\Users\neeraj.sood\.m2\repository\org\eclipse\aether\aether-spi\1.0.2.v20150114\aether-spi-1.0.2.v20150114.jar;C:\Users\neeraj.sood\.m2\repository\org\eclipse\aether\aether-impl\1.0.2.v20150114\aether-impl-1.0.2.v20150114.jar;C:\Users\neeraj.sood\.m2\repository\org\eclipse\aether\aether-api\1.0.2.v20150114\aether-api-1.0.2.v20150114.jar;C:\Users\neeraj.sood\.m2\repository\org\eclipse\aether\aether-util\1.0.2.v20150114\aether-util-1.0.2.v20150114.jar;C:\Users\neeraj.sood\.m2\repository\com\google\inject\guice\4.0\guice-4.0-no_aop.jar;C:\Users\neeraj.sood\.m2\repository\javax\inject\javax.inject\1\javax.inject-1.jar;C:\Users\neeraj.sood\.m2\repository\aopalliance\aopalliance\1.0\aopalliance-1.0.jar;C:\Users\neeraj.sood\.m2\repository\org\codehaus\plexus\plexus-interpolation\1.21\plexus-interpolation-1.21.jar;C:\Users\neeraj.sood\.m2\repository\org\codehaus\plexus\plexus-utils\3.0.22\plexus-utils-3.0.22.jar;C:\Users\neeraj.sood\.m2\repository\org\codehaus\plexus\plexus-classworlds\2.5.2\plexus-classworlds-2.5.2.jar;C:\Users\neeraj.sood\.m2\repository\org\codehaus\plexus\plexus-component-annotations\1.6\plexus-component-annotations-1.6.jar;C:\Users\neeraj.sood\.m2\repository\org\sonatype\plexus\plexus-sec-dispatcher\1.3\plexus-sec-dispatcher-1.3.jar;C:\Users\neeraj.sood\.m2\repository\org\sonatype\plexus\plexus-cipher\1.4\plexus-cipher-1.4.jar;C:\Users\neeraj.sood\.m2\repository\org\apache\commons\commons-lang3\3.12.0\commons-lang3-3.12.0.jar;C:\Users\neeraj.sood\.m2\repository\org\apache\maven\maven-archiver\3.0.0\maven-archiver-3.0.0.jar;C:\Users\neeraj.sood\.m2\repository\org\apache\maven\shared\maven-shared-utils\3.0.0\maven-shared-utils-3.0.0.jar;C:\Users\neeraj.sood\.m2\repository\commons-io\commons-io\2.4\commons-io-2.4.jar;C:\Users\neeraj.sood\.m2\repository\org\codehaus\plexus\plexus-archiver\2.9.1\plexus-archiver-2.9.1.jar;C:\Users\neeraj.sood\.m2\repository\org\codehaus\plexus\plexus-io\2.4.1\plexus-io-2.4.1.jar;"/>
    <property name="java.vm.vendor" value="Oracle Corporation"/>
    <property name="sun.arch.data.model" value="64"/>
    <property name="user.variant" value=""/>
    <property name="java.vendor.url" value="https://openjdk.java.net/"/>
    <property name="user.timezone" value="Asia/Calcutta"/>
    <property name="java.vm.specification.version" value="11"/>
    <property name="os.name" value="Windows 10"/>
    <property name="sun.java.launcher" value="SUN_STANDARD"/>
    <property name="user.country" value="IN"/>
    <property name="sun.boot.library.path" value="C:\Program Files\Java\jdk-11.0.11\bin"/>
    <property name="sun.java.command" value="C:\Users\NEERAJ~1.SOO\AppData\Local\Temp\surefire13799702922639236203\surefirebooter2244650840613566458.jar C:\Users\neeraj.sood\AppData\Local\Temp\surefire13799702922639236203 2021-05-16T22-07-07_480-jvmRun1 surefire9195831734922101246tmp surefire_01231347259368858582tmp"/>
    <property name="jdk.debug" value="release"/>
    <property name="surefire.test.class.path" value="C:\developments\user-service\target\test-classes;C:\developments\user-service\target\classes;C:\Users\neeraj.sood\.m2\repository\org\springframework\boot\spring-boot-starter-data-jpa\2.5.0-SNAPSHOT\spring-boot-starter-data-jpa-2.5.0-SNAPSHOT.jar;C:\Users\neeraj.sood\.m2\repository\org\springframework\boot\spring-boot-starter-aop\2.5.0-SNAPSHOT\spring-boot-starter-aop-2.5.0-SNAPSHOT.jar;C:\Users\neeraj.sood\.m2\repository\org\springframework\spring-aop\5.3.7\spring-aop-5.3.7.jar;C:\Users\neeraj.sood\.m2\repository\org\aspectj\aspectjweaver\1.9.6\aspectjweaver-1.9.6.jar;C:\Users\neeraj.sood\.m2\repository\org\springframework\boot\spring-boot-starter-jdbc\2.5.0-SNAPSHOT\spring-boot-starter-jdbc-2.5.0-SNAPSHOT.jar;C:\Users\neeraj.sood\.m2\repository\com\zaxxer\HikariCP\4.0.3\HikariCP-4.0.3.jar;C:\Users\neeraj.sood\.m2\repository\org\springframework\spring-jdbc\5.3.7\spring-jdbc-5.3.7.jar;C:\Users\neeraj.sood\.m2\repository\jakarta\transaction\jakarta.transaction-api\1.3.3\jakarta.transaction-api-1.3.3.jar;C:\Users\neeraj.sood\.m2\repository\jakarta\persistence\jakarta.persistence-api\2.2.3\jakarta.persistence-api-2.2.3.jar;C:\Users\neeraj.sood\.m2\repository\org\hibernate\hibernate-core\5.4.30.Final\hibernate-core-5.4.30.Final.jar;C:\Users\neeraj.sood\.m2\repository\org\jboss\logging\jboss-logging\3.4.1.Final\jboss-logging-3.4.1.Final.jar;C:\Users\neeraj.sood\.m2\repository\org\javassist\javassist\3.27.0-GA\javassist-3.27.0-GA.jar;C:\Users\neeraj.sood\.m2\repository\net\bytebuddy\byte-buddy\1.10.22\byte-buddy-1.10.22.jar;C:\Users\neeraj.sood\.m2\repository\antlr\antlr\2.7.7\antlr-2.7.7.jar;C:\Users\neeraj.sood\.m2\repository\org\jboss\jandex\2.2.3.Final\jandex-2.2.3.Final.jar;C:\Users\neeraj.sood\.m2\repository\com\fasterxml\classmate\1.5.1\classmate-1.5.1.jar;C:\Users\neeraj.sood\.m2\repository\org\dom4j\dom4j\2.1.3\dom4j-2.1.3.jar;C:\Users\neeraj.sood\.m2\repository\org\hibernate\common\hibernate-commons-annotations\5.1.2.Final\hibernate-commons-annotations-5.1.2.Final.jar;C:\Users\neeraj.sood\.m2\repository\org\glassfish\jaxb\jaxb-runtime\2.3.3\jaxb-runtime-2.3.3.jar;C:\Users\neeraj.sood\.m2\repository\org\glassfish\jaxb\txw2\2.3.3\txw2-2.3.3.jar;C:\Users\neeraj.sood\.m2\repository\com\sun\istack\istack-commons-runtime\3.0.11\istack-commons-runtime-3.0.11.jar;C:\Users\neeraj.sood\.m2\repository\com\sun\activation\jakarta.activation\1.2.2\jakarta.activation-1.2.2.jar;C:\Users\neeraj.sood\.m2\repository\org\springframework\data\spring-data-jpa\2.5.1\spring-data-jpa-2.5.1.jar;C:\Users\neeraj.sood\.m2\repository\org\springframework\data\spring-data-commons\2.5.1\spring-data-commons-2.5.1.jar;C:\Users\neeraj.sood\.m2\repository\org\springframework\spring-orm\5.3.7\spring-orm-5.3.7.jar;C:\Users\neeraj.sood\.m2\repository\org\springframework\spring-context\5.3.7\spring-context-5.3.7.jar;C:\Users\neeraj.sood\.m2\repository\org\springframework\spring-tx\5.3.7\spring-tx-5.3.7.jar;C:\Users\neeraj.sood\.m2\repository\org\springframework\spring-beans\5.3.7\spring-beans-5.3.7.jar;C:\Users\neeraj.sood\.m2\repository\org\slf4j\slf4j-api\1.7.30\slf4j-api-1.7.30.jar;C:\Users\neeraj.sood\.m2\repository\org\springframework\spring-aspects\5.3.7\spring-aspects-5.3.7.jar;C:\Users\neeraj.sood\.m2\repository\org\springframework\boot\spring-boot-starter-web\2.5.0-SNAPSHOT\spring-boot-starter-web-2.5.0-SNAPSHOT.jar;C:\Users\neeraj.sood\.m2\repository\org\springframework\boot\spring-boot-starter\2.5.0-SNAPSHOT\spring-boot-starter-2.5.0-SNAPSHOT.jar;C:\Users\neeraj.sood\.m2\repository\org\springframework\boot\spring-boot\2.5.0-SNAPSHOT\spring-boot-2.5.0-SNAPSHOT.jar;C:\Users\neeraj.sood\.m2\repository\org\springframework\boot\spring-boot-autoconfigure\2.5.0-SNAPSHOT\spring-boot-autoconfigure-2.5.0-SNAPSHOT.jar;C:\Users\neeraj.sood\.m2\repository\org\springframework\boot\spring-boot-starter-logging\2.5.0-SNAPSHOT\spring-boot-starter-logging-2.5.0-SNAPSHOT.jar;C:\Users\neeraj.sood\.m2\repository\ch\qos\logback\logback-classic\1.2.3\logback-classic-1.2.3.jar;C:\Users\neeraj.sood\.m2\repository\ch\qos\logback\logback-core\1.2.3\logback-core-1.2.3.jar;C:\Users\neeraj.sood\.m2\repository\org\apache\logging\log4j\log4j-to-slf4j\2.14.1\log4j-to-slf4j-2.14.1.jar;C:\Users\neeraj.sood\.m2\repository\org\apache\logging\log4j\log4j-api\2.14.1\log4j-api-2.14.1.jar;C:\Users\neeraj.sood\.m2\repository\org\slf4j\jul-to-slf4j\1.7.30\jul-to-slf4j-1.7.30.jar;C:\Users\neeraj.sood\.m2\repository\jakarta\annotation\jakarta.annotation-api\1.3.5\jakarta.annotation-api-1.3.5.jar;C:\Users\neeraj.sood\.m2\repository\org\yaml\snakeyaml\1.28\snakeyaml-1.28.jar;C:\Users\neeraj.sood\.m2\repository\org\springframework\boot\spring-boot-starter-json\2.5.0-SNAPSHOT\spring-boot-starter-json-2.5.0-SNAPSHOT.jar;C:\Users\neeraj.sood\.m2\repository\com\fasterxml\jackson\core\jackson-databind\2.12.3\jackson-databind-2.12.3.jar;C:\Users\neeraj.sood\.m2\repository\com\fasterxml\jackson\core\jackson-annotations\2.12.3\jackson-annotations-2.12.3.jar;C:\Users\neeraj.sood\.m2\repository\com\fasterxml\jackson\core\jackson-core\2.12.3\jackson-core-2.12.3.jar;C:\Users\neeraj.sood\.m2\repository\com\fasterxml\jackson\datatype\jackson-datatype-jdk8\2.12.3\jackson-datatype-jdk8-2.12.3.jar;C:\Users\neeraj.sood\.m2\repository\com\fasterxml\jackson\datatype\jackson-datatype-jsr310\2.12.3\jackson-datatype-jsr310-2.12.3.jar;C:\Users\neeraj.sood\.m2\repository\com\fasterxml\jackson\module\jackson-module-parameter-names\2.12.3\jackson-module-parameter-names-2.12.3.jar;C:\Users\neeraj.sood\.m2\repository\org\springframework\boot\spring-boot-starter-tomcat\2.5.0-SNAPSHOT\spring-boot-starter-tomcat-2.5.0-SNAPSHOT.jar;C:\Users\neeraj.sood\.m2\repository\org\apache\tomcat\embed\tomcat-embed-core\9.0.45\tomcat-embed-core-9.0.45.jar;C:\Users\neeraj.sood\.m2\repository\org\apache\tomcat\embed\tomcat-embed-el\9.0.45\tomcat-embed-el-9.0.45.jar;C:\Users\neeraj.sood\.m2\repository\org\apache\tomcat\embed\tomcat-embed-websocket\9.0.45\tomcat-embed-websocket-9.0.45.jar;C:\Users\neeraj.sood\.m2\repository\org\springframework\spring-web\5.3.7\spring-web-5.3.7.jar;C:\Users\neeraj.sood\.m2\repository\org\springframework\spring-webmvc\5.3.7\spring-webmvc-5.3.7.jar;C:\Users\neeraj.sood\.m2\repository\org\springframework\spring-expression\5.3.7\spring-expression-5.3.7.jar;C:\Users\neeraj.sood\.m2\repository\com\h2database\h2\1.4.200\h2-1.4.200.jar;C:\Users\neeraj.sood\.m2\repository\org\projectlombok\lombok\1.18.20\lombok-1.18.20.jar;C:\Users\neeraj.sood\.m2\repository\org\springframework\boot\spring-boot-starter-test\2.5.0-SNAPSHOT\spring-boot-starter-test-2.5.0-SNAPSHOT.jar;C:\Users\neeraj.sood\.m2\repository\org\springframework\boot\spring-boot-test\2.5.0-SNAPSHOT\spring-boot-test-2.5.0-SNAPSHOT.jar;C:\Users\neeraj.sood\.m2\repository\org\springframework\boot\spring-boot-test-autoconfigure\2.5.0-SNAPSHOT\spring-boot-test-autoconfigure-2.5.0-SNAPSHOT.jar;C:\Users\neeraj.sood\.m2\repository\com\jayway\jsonpath\json-path\2.5.0\json-path-2.5.0.jar;C:\Users\neeraj.sood\.m2\repository\net\minidev\json-smart\2.4.2\json-smart-2.4.2.jar;C:\Users\neeraj.sood\.m2\repository\net\minidev\accessors-smart\2.4.2\accessors-smart-2.4.2.jar;C:\Users\neeraj.sood\.m2\repository\org\ow2\asm\asm\8.0.1\asm-8.0.1.jar;C:\Users\neeraj.sood\.m2\repository\jakarta\xml\bind\jakarta.xml.bind-api\2.3.3\jakarta.xml.bind-api-2.3.3.jar;C:\Users\neeraj.sood\.m2\repository\jakarta\activation\jakarta.activation-api\1.2.2\jakarta.activation-api-1.2.2.jar;C:\Users\neeraj.sood\.m2\repository\org\assertj\assertj-core\3.19.0\assertj-core-3.19.0.jar;C:\Users\neeraj.sood\.m2\repository\org\hamcrest\hamcrest\2.2\hamcrest-2.2.jar;C:\Users\neeraj.sood\.m2\repository\org\junit\jupiter\junit-jupiter\5.7.1\junit-jupiter-5.7.1.jar;C:\Users\neeraj.sood\.m2\repository\org\junit\jupiter\junit-jupiter-api\5.7.1\junit-jupiter-api-5.7.1.jar;C:\Users\neeraj.sood\.m2\repository\org\apiguardian\apiguardian-api\1.1.0\apiguardian-api-1.1.0.jar;C:\Users\neeraj.sood\.m2\repository\org\opentest4j\opentest4j\1.2.0\opentest4j-1.2.0.jar;C:\Users\neeraj.sood\.m2\repository\org\junit\platform\junit-platform-commons\1.7.1\junit-platform-commons-1.7.1.jar;C:\Users\neeraj.sood\.m2\repository\org\junit\jupiter\junit-jupiter-params\5.7.1\junit-jupiter-params-5.7.1.jar;C:\Users\neeraj.sood\.m2\repository\org\junit\jupiter\junit-jupiter-engine\5.7.1\junit-jupiter-engine-5.7.1.jar;C:\Users\neeraj.sood\.m2\repository\org\junit\platform\junit-platform-engine\1.7.1\junit-platform-engine-1.7.1.jar;C:\Users\neeraj.sood\.m2\repository\org\mockito\mockito-core\3.9.0\mockito-core-3.9.0.jar;C:\Users\neeraj.sood\.m2\repository\net\bytebuddy\byte-buddy-agent\1.10.22\byte-buddy-agent-1.10.22.jar;C:\Users\neeraj.sood\.m2\repository\org\objenesis\objenesis\3.2\objenesis-3.2.jar;C:\Users\neeraj.sood\.m2\repository\org\mockito\mockito-junit-jupiter\3.9.0\mockito-junit-jupiter-3.9.0.jar;C:\Users\neeraj.sood\.m2\repository\org\skyscreamer\jsonassert\1.5.0\jsonassert-1.5.0.jar;C:\Users\neeraj.sood\.m2\repository\com\vaadin\external\google\android-json\0.0.20131108.vaadin1\android-json-0.0.20131108.vaadin1.jar;C:\Users\neeraj.sood\.m2\repository\org\springframework\spring-core\5.3.7\spring-core-5.3.7.jar;C:\Users\neeraj.sood\.m2\repository\org\springframework\spring-jcl\5.3.7\spring-jcl-5.3.7.jar;C:\Users\neeraj.sood\.m2\repository\org\springframework\spring-test\5.3.7\spring-test-5.3.7.jar;C:\Users\neeraj.sood\.m2\repository\org\xmlunit\xmlunit-core\2.8.2\xmlunit-core-2.8.2.jar;C:\Users\neeraj.sood\.m2\repository\com\spotify\dockerfile-maven-plugin\1.2.2\dockerfile-maven-plugin-1.2.2.jar;C:\Users\neeraj.sood\.m2\repository\com\spotify\docker-client\4.0.8\docker-client-4.0.8-shaded.jar;C:\Users\neeraj.sood\.m2\repository\com\fasterxml\jackson\jaxrs\jackson-jaxrs-json-provider\2.12.3\jackson-jaxrs-json-provider-2.12.3.jar;C:\Users\neeraj.sood\.m2\repository\com\fasterxml\jackson\jaxrs\jackson-jaxrs-base\2.12.3\jackson-jaxrs-base-2.12.3.jar;C:\Users\neeraj.sood\.m2\repository\com\fasterxml\jackson\module\jackson-module-jaxb-annotations\2.12.3\jackson-module-jaxb-annotations-2.12.3.jar;C:\Users\neeraj.sood\.m2\repository\com\fasterxml\jackson\datatype\jackson-datatype-guava\2.12.3\jackson-datatype-guava-2.12.3.jar;C:\Users\neeraj.sood\.m2\repository\org\glassfish\jersey\core\jersey-client\2.33\jersey-client-2.33.jar;C:\Users\neeraj.sood\.m2\repository\jakarta\ws\rs\jakarta.ws.rs-api\2.1.6\jakarta.ws.rs-api-2.1.6.jar;C:\Users\neeraj.sood\.m2\repository\org\glassfish\jersey\core\jersey-common\2.33\jersey-common-2.33.jar;C:\Users\neeraj.sood\.m2\repository\org\glassfish\hk2\osgi-resource-locator\1.0.3\osgi-resource-locator-1.0.3.jar;C:\Users\neeraj.sood\.m2\repository\org\glassfish\hk2\external\jakarta.inject\2.6.1\jakarta.inject-2.6.1.jar;C:\Users\neeraj.sood\.m2\repository\org\glassfish\jersey\connectors\jersey-apache-connector\2.33\jersey-apache-connector-2.33.jar;C:\Users\neeraj.sood\.m2\repository\org\glassfish\jersey\media\jersey-media-json-jackson\2.33\jersey-media-json-jackson-2.33.jar;C:\Users\neeraj.sood\.m2\repository\org\glassfish\jersey\ext\jersey-entity-filtering\2.33\jersey-entity-filtering-2.33.jar;C:\Users\neeraj.sood\.m2\repository\org\apache\commons\commons-compress\1.9\commons-compress-1.9.jar;C:\Users\neeraj.sood\.m2\repository\org\apache\httpcomponents\httpclient\4.5.13\httpclient-4.5.13.jar;C:\Users\neeraj.sood\.m2\repository\org\apache\httpcomponents\httpcore\4.4.14\httpcore-4.4.14.jar;C:\Users\neeraj.sood\.m2\repository\commons-codec\commons-codec\1.15\commons-codec-1.15.jar;C:\Users\neeraj.sood\.m2\repository\com\github\jnr\jnr-unixsocket\0.8\jnr-unixsocket-0.8.jar;C:\Users\neeraj.sood\.m2\repository\com\github\jnr\jnr-ffi\2.0.3\jnr-ffi-2.0.3.jar;C:\Users\neeraj.sood\.m2\repository\com\github\jnr\jffi\1.2.9\jffi-1.2.9.jar;C:\Users\neeraj.sood\.m2\repository\com\github\jnr\jffi\1.2.9\jffi-1.2.9-native.jar;C:\Users\neeraj.sood\.m2\repository\org\ow2\asm\asm-commons\5.0.3\asm-commons-5.0.3.jar;C:\Users\neeraj.sood\.m2\repository\org\ow2\asm\asm-analysis\5.0.3\asm-analysis-5.0.3.jar;C:\Users\neeraj.sood\.m2\repository\org\ow2\asm\asm-tree\5.0.3\asm-tree-5.0.3.jar;C:\Users\neeraj.sood\.m2\repository\org\ow2\asm\asm-util\5.0.3\asm-util-5.0.3.jar;C:\Users\neeraj.sood\.m2\repository\com\github\jnr\jnr-x86asm\1.0.2\jnr-x86asm-1.0.2.jar;C:\Users\neeraj.sood\.m2\repository\com\github\jnr\jnr-constants\0.8.7\jnr-constants-0.8.7.jar;C:\Users\neeraj.sood\.m2\repository\com\github\jnr\jnr-enxio\0.9\jnr-enxio-0.9.jar;C:\Users\neeraj.sood\.m2\repository\com\github\jnr\jnr-posix\3.0.12\jnr-posix-3.0.12.jar;C:\Users\neeraj.sood\.m2\repository\commons-lang\commons-lang\2.6\commons-lang-2.6.jar;C:\Users\neeraj.sood\.m2\repository\org\bouncycastle\bcpkix-jdk15on\1.52\bcpkix-jdk15on-1.52.jar;C:\Users\neeraj.sood\.m2\repository\org\bouncycastle\bcprov-jdk15on\1.52\bcprov-jdk15on-1.52.jar;C:\Users\neeraj.sood\.m2\repository\com\google\guava\guava\29.0-jre\guava-29.0-jre.jar;C:\Users\neeraj.sood\.m2\repository\com\google\guava\failureaccess\1.0.1\failureaccess-1.0.1.jar;C:\Users\neeraj.sood\.m2\repository\com\google\guava\listenablefuture\9999.0-empty-to-avoid-conflict-with-guava\listenablefuture-9999.0-empty-to-avoid-conflict-with-guava.jar;C:\Users\neeraj.sood\.m2\repository\com\google\code\findbugs\jsr305\3.0.2\jsr305-3.0.2.jar;C:\Users\neeraj.sood\.m2\repository\org\checkerframework\checker-qual\2.11.1\checker-qual-2.11.1.jar;C:\Users\neeraj.sood\.m2\repository\com\google\errorprone\error_prone_annotations\2.3.4\error_prone_annotations-2.3.4.jar;C:\Users\neeraj.sood\.m2\repository\com\google\j2objc\j2objc-annotations\1.3\j2objc-annotations-1.3.jar;C:\Users\neeraj.sood\.m2\repository\com\spotify\dockerfile-maven-extension\1.2.2\dockerfile-maven-extension-1.2.2.jar;C:\Users\neeraj.sood\.m2\repository\org\apache\maven\maven-plugin-api\3.3.9\maven-plugin-api-3.3.9.jar;C:\Users\neeraj.sood\.m2\repository\org\apache\maven\maven-model\3.3.9\maven-model-3.3.9.jar;C:\Users\neeraj.sood\.m2\repository\org\apache\maven\maven-artifact\3.3.9\maven-artifact-3.3.9.jar;C:\Users\neeraj.sood\.m2\repository\org\eclipse\sisu\org.eclipse.sisu.plexus\0.3.2\org.eclipse.sisu.plexus-0.3.2.jar;C:\Users\neeraj.sood\.m2\repository\javax\enterprise\cdi-api\1.0\cdi-api-1.0.jar;C:\Users\neeraj.sood\.m2\repository\javax\annotation\jsr250-api\1.0\jsr250-api-1.0.jar;C:\Users\neeraj.sood\.m2\repository\org\eclipse\sisu\org.eclipse.sisu.inject\0.3.2\org.eclipse.sisu.inject-0.3.2.jar;C:\Users\neeraj.sood\.m2\repository\org\apache\maven\maven-core\3.3.9\maven-core-3.3.9.jar;C:\Users\neeraj.sood\.m2\repository\org\apache\maven\maven-settings\3.3.9\maven-settings-3.3.9.jar;C:\Users\neeraj.sood\.m2\repository\org\apache\maven\maven-settings-builder\3.3.9\maven-settings-builder-3.3.9.jar;C:\Users\neeraj.sood\.m2\repository\org\apache\maven\maven-builder-support\3.3.9\maven-builder-support-3.3.9.jar;C:\Users\neeraj.sood\.m2\repository\org\apache\maven\maven-repository-metadata\3.3.9\maven-repository-metadata-3.3.9.jar;C:\Users\neeraj.sood\.m2\repository\org\apache\maven\maven-model-builder\3.3.9\maven-model-builder-3.3.9.jar;C:\Users\neeraj.sood\.m2\repository\org\apache\maven\maven-aether-provider\3.3.9\maven-aether-provider-3.3.9.jar;C:\Users\neeraj.sood\.m2\repository\org\eclipse\aether\aether-spi\1.0.2.v20150114\aether-spi-1.0.2.v20150114.jar;C:\Users\neeraj.sood\.m2\repository\org\eclipse\aether\aether-impl\1.0.2.v20150114\aether-impl-1.0.2.v20150114.jar;C:\Users\neeraj.sood\.m2\repository\org\eclipse\aether\aether-api\1.0.2.v20150114\aether-api-1.0.2.v20150114.jar;C:\Users\neeraj.sood\.m2\repository\org\eclipse\aether\aether-util\1.0.2.v20150114\aether-util-1.0.2.v20150114.jar;C:\Users\neeraj.sood\.m2\repository\com\google\inject\guice\4.0\guice-4.0-no_aop.jar;C:\Users\neeraj.sood\.m2\repository\javax\inject\javax.inject\1\javax.inject-1.jar;C:\Users\neeraj.sood\.m2\repository\aopalliance\aopalliance\1.0\aopalliance-1.0.jar;C:\Users\neeraj.sood\.m2\repository\org\codehaus\plexus\plexus-interpolation\1.21\plexus-interpolation-1.21.jar;C:\Users\neeraj.sood\.m2\repository\org\codehaus\plexus\plexus-utils\3.0.22\plexus-utils-3.0.22.jar;C:\Users\neeraj.sood\.m2\repository\org\codehaus\plexus\plexus-classworlds\2.5.2\plexus-classworlds-2.5.2.jar;C:\Users\neeraj.sood\.m2\repository\org\codehaus\plexus\plexus-component-annotations\1.6\plexus-component-annotations-1.6.jar;C:\Users\neeraj.sood\.m2\repository\org\sonatype\plexus\plexus-sec-dispatcher\1.3\plexus-sec-dispatcher-1.3.jar;C:\Users\neeraj.sood\.m2\repository\org\sonatype\plexus\plexus-cipher\1.4\plexus-cipher-1.4.jar;C:\Users\neeraj.sood\.m2\repository\org\apache\commons\commons-lang3\3.12.0\commons-lang3-3.12.0.jar;C:\Users\neeraj.sood\.m2\repository\org\apache\maven\maven-archiver\3.0.0\maven-archiver-3.0.0.jar;C:\Users\neeraj.sood\.m2\repository\org\apache\maven\shared\maven-shared-utils\3.0.0\maven-shared-utils-3.0.0.jar;C:\Users\neeraj.sood\.m2\repository\commons-io\commons-io\2.4\commons-io-2.4.jar;C:\Users\neeraj.sood\.m2\repository\org\codehaus\plexus\plexus-archiver\2.9.1\plexus-archiver-2.9.1.jar;C:\Users\neeraj.sood\.m2\repository\org\codehaus\plexus\plexus-io\2.4.1\plexus-io-2.4.1.jar;"/>
    <property name="sun.cpu.endian" value="little"/>
    <property name="user.home" value="C:\Users\neeraj.sood"/>
    <property name="user.language" value="en"/>
    <property name="java.specification.vendor" value="Oracle Corporation"/>
    <property name="java.version.date" value="2021-04-20"/>
    <property name="java.home" value="C:\Program Files\Java\jdk-11.0.11"/>
    <property name="file.separator" value="\"/>
    <property name="basedir" value="C:\developments\user-service"/>
    <property name="java.vm.compressedOopsMode" value="Zero based"/>
    <property name="line.separator" value="&#10;"/>
    <property name="java.specification.name" value="Java Platform API Specification"/>
    <property name="java.vm.specification.vendor" value="Oracle Corporation"/>
    <property name="java.awt.graphicsenv" value="sun.awt.Win32GraphicsEnvironment"/>
    <property name="surefire.real.class.path" value="C:\Users\NEERAJ~1.SOO\AppData\Local\Temp\surefire13799702922639236203\surefirebooter2244650840613566458.jar"/>
    <property name="user.script" value=""/>
    <property name="sun.management.compiler" value="HotSpot 64-Bit Tiered Compilers"/>
    <property name="java.runtime.version" value="11.0.11+9-LTS-194"/>
    <property name="user.name" value="Neeraj.Sood"/>
    <property name="path.separator" value=";"/>
    <property name="os.version" value="10.0"/>
    <property name="java.runtime.name" value="Java(TM) SE Runtime Environment"/>
    <property name="file.encoding" value="Cp1252"/>
    <property name="java.vm.name" value="Java HotSpot(TM) 64-Bit Server VM"/>
    <property name="java.vendor.version" value="18.9"/>
    <property name="localRepository" value="C:\Users\neeraj.sood\.m2\repository"/>
    <property name="java.vendor.url.bug" value="https://bugreport.java.com/bugreport/"/>
    <property name="java.io.tmpdir" value="C:\Users\NEERAJ~1.SOO\AppData\Local\Temp\"/>
    <property name="java.version" value="11.0.11"/>
    <property name="user.dir" value="C:\developments\user-service"/>
    <property name="os.arch" value="amd64"/>
    <property name="java.vm.specification.name" value="Java Virtual Machine Specification"/>
    <property name="java.awt.printerjob" value="sun.awt.windows.WPrinterJob"/>
    <property name="sun.os.patch.level" value=""/>
    <property name="java.library.path" value="C:\Program Files\Java\jdk-11.0.11\bin;C:\Windows\Sun\Java\bin;C:\Windows\system32;C:\Windows;C:\Program Files\Common Files\Oracle\Java\javapath;C:\Program Files\avs\bin;C:\Program Files\avs\bin32;C:\Program Files\Documentum\Shared;C:\ProgramData\Oracle\Java\javapath;C:\Windows\system32;C:\Windows;C:\Windows\System32\Wbem;C:\Windows\System32\WindowsPowerShell\v1.0\;C:\Windows\System32\OpenSSH\;C:\Program Files (x86)\Enterprise Vault\EVClient\x64\;C:\Windows\CCM;C:\Windows\CCM;C:\Windows\CCM;C:\Windows\CCM;C:\Windows\CCM;C:\Program Files\PuTTY\;C:\ProgramData\chocolatey\bin;C:\Program Files\Docker\Docker\resources\bin;C:\ProgramData\DockerDesktop\version-bin;C:\apache-maven-3.8.1\bin;C:\Users\neeraj.sood\AppData\Local\Microsoft\WindowsApps;C:\Program Files\JetBrains\IntelliJ IDEA Community Edition 2021.1.1\bin;."/>
    <property name="java.vendor" value="Oracle Corporation"/>
    <property name="java.vm.info" value="mixed mode"/>
    <property name="java.vm.version" value="11.0.11+9-LTS-194"/>
    <property name="sun.io.unicode.encoding" value="UnicodeLittle"/>
    <property name="java.class.version" value="55.0"/>
  </properties>
  <testcase name="contextLoads" classname="com.example.user.UserServiceApplicationTests" time="0.292"/>
</testsuite>